<?xml version="1.0" encoding="UTF-8"?>
<testsuite xmlns:xsi="http://www.w3.org/2001/XMLSchema-instance" xsi:noNamespaceSchemaLocation="https://maven.apache.org/surefire/maven-surefire-plugin/xsd/surefire-test-report.xsd" name="guru.springframework.msscbrewery.web.controller.BeerControllerTest" time="1.02" tests="3" errors="1" skipped="0" failures="0">
  <properties>
[...]
</properties>
  <testcase name="handleUpdate" classname="guru.springframework.msscbrewery.web.controller.BeerControllerTest" time="0.226"/>
  <testcase name="getBeer" classname="guru.springframework.msscbrewery.web.controller.BeerControllerTest" time="0.015">
    <error type="java.lang.NullPointerException">java.lang.NullPointerException
	at guru.springframework.msscbrewery.web.controller.BeerControllerTest.getBeer(BeerControllerTest.java:55)
</error>
  </testcase>
  <testcase name="handlePost" classname="guru.springframework.msscbrewery.web.controller.BeerControllerTest" time="0.008"/>
</testsuite>